
> ascent-otm-frontend@1.0.0 dev
> vite --host 0.0.0.0 --port 5173


  [32m[1mVITE[22m v5.4.21[39m  [2mready in [0m[1m9163[22m[2m[0m ms[22m

  [32m➜[39m  [1mLocal[22m:   [36mhttp://localhost:[1m5173[22m/[39m
  [32m➜[39m  [1mNetwork[22m: [36mhttp://192.168.0.125:[1m5173[22m/[39m
[2m10:46:04 am[22m [36m[1m[vite][22m[39m [32mhmr update [39m[2m/src/pages/stores/InvoiceDcForm.tsx, /src/index.css[22m
[2m10:46:05 am[22m [36m[1m[vite][22m[39m [32mhmr update [39m[2m/src/pages/stores/InvoiceDcForm.tsx, /src/index.css[22m
[2m10:50:30 am[22m [36m[1m[vite][22m[39m [32mhmr update [39m[2m/src/pages/order/PurchaseOrderForm.tsx, /src/index.css[22m
[2m10:51:57 am[22m [36m[1m[vite][22m[39m [32mhmr update [39m[2m/src/pages/order/PurchaseOrderForm.tsx, /src/index.css[22m
[2m11:01:24 am[22m [36m[1m[vite][22m[39m [32mhmr update [39m[2m/src/index.css, /src/pages/settings/ItemCreationList.tsx, /src/pages/settings/ItemCreationForm.tsx[22m
[2m11:01:24 am[22m [36m[1m[vite][22m[39m [32mhmr update [39m[2m/src/pages/settings/ItemCreationList.tsx, /src/index.css[22m
[2m11:03:47 am[22m [36m[1m[vite][22m[39m [32mhmr update [39m[2m/src/pages/settings/ItemCreationForm.tsx, /src/index.css[22m
[2m11:05:21 am[22m [36m[1m[vite][22m[39m [32mhmr update [39m[2m/src/pages/settings/ItemCreationForm.tsx[22m
[2m11:05:57 am[22m [36m[1m[vite][22m[39m [32mhmr update [39m[2m/src/pages/settings/ItemCreationForm.tsx[22m
[2m11:06:03 am[22m [36m[1m[vite][22m[39m [32mhmr update [39m[2m/src/pages/order/PurchaseOrderForm.tsx, /src/index.css[22m
[2m11:06:04 am[22m [36m[1m[vite][22m[39m [32mhmr update [39m[2m/src/pages/order/PurchaseOrderForm.tsx, /src/index.css[22m
[2m11:06:11 am[22m [36m[1m[vite][22m[39m [32mhmr update [39m[2m/src/pages/settings/ItemCreationForm.tsx, /src/index.css[22m
[2m11:06:21 am[22m [36m[1m[vite][22m[39m [32mhmr update [39m[2m/src/index.css, /src/pages/settings/ItemCreationList.tsx, /src/pages/settings/ItemCreationForm.tsx[22m
[2m11:08:34 am[22m [36m[1m[vite][22m[39m [32mvite.config.js changed, restarting server...[39m
Re-optimizing dependencies because vite config has changed
[2m11:08:44 am[22m [36m[1m[vite][22m[39m server restarted.
[2m12:08:25 pm[22m [36m[1m[vite][22m[39m [32mhmr update [39m[2m/src/pages/stores/MaterialQcList.tsx, /src/index.css[22m
[2m12:08:50 pm[22m [36m[1m[vite][22m[39m [32mhmr update [39m[2m/src/pages/stores/InvoiceDcList.tsx, /src/index.css[22m
[2m12:13:11 pm[22m [36m[1m[vite][22m[39m [32mhmr update [39m[2m/src/pages/accounts/AccountsApprovalList.tsx, /src/index.css[22m
[2m12:26:35 pm[22m [36m[1m[vite][22m[39m [32mhmr update [39m[2m/src/pages/stores/MaterialQcList.tsx, /src/index.css[22m
[2m12:26:54 pm[22m [36m[1m[vite][22m[39m [32mhmr update [39m[2m/src/pages/stores/InvoiceDcList.tsx, /src/index.css[22m
[2m12:27:41 pm[22m [36m[1m[vite][22m[39m [32mhmr update [39m[2m/src/pages/accounts/AccountsApprovalList.tsx, /src/index.css[22m
[2m12:29:58 pm[22m [36m[1m[vite][22m[39m [32mhmr update [39m[2m/src/pages/accounts/AccountsApprovalList.tsx, /src/index.css[22m
[2m12:30:07 pm[22m [36m[1m[vite][22m[39m [32mhmr update [39m[2m/src/pages/stores/InvoiceDcList.tsx, /src/index.css[22m
[2m12:30:39 pm[22m [36m[1m[vite][22m[39m [32mhmr update [39m[2m/src/pages/stores/InvoiceDcList.tsx, /src/index.css[22m
[2m12:33:59 pm[22m [36m[1m[vite][22m[39m [32mhmr update [39m[2m/src/pages/accounts/AccountsApprovalList.tsx, /src/index.css[22m
[2m12:34:39 pm[22m [36m[1m[vite][22m[39m [32mhmr update [39m[2m/src/pages/stores/MaterialQcForm.tsx, /src/index.css[22m
[2m12:35:14 pm[22m [36m[1m[vite][22m[39m [32mhmr update [39m[2m/src/pages/stores/MaterialQcForm.tsx, /src/index.css[22m
[2m12:36:20 pm[22m [36m[1m[vite][22m[39m [32mhmr update [39m[2m/src/pages/stores/MaterialQcForm.tsx, /src/index.css[22m
[2m12:39:07 pm[22m [36m[1m[vite][22m[39m [32mhmr update [39m[2m/src/pages/stores/MaterialQcForm.tsx, /src/index.css[22m
[2m1:16:58 pm[22m [36m[1m[vite][22m[39m [32mhmr update [39m[2m/src/pages/accounts/AccountsApprovalList.tsx, /src/index.css[22m
[2m1:23:11 pm[22m [36m[1m[vite][22m[39m [32mhmr update [39m[2m/src/pages/service/InstallationList.tsx, /src/index.css[22m
[2m1:23:12 pm[22m [36m[1m[vite][22m[39m [32mhmr update [39m[2m/src/pages/service/InstallationList.tsx, /src/index.css[22m
[2m1:23:38 pm[22m [36m[1m[vite][22m[39m [32mhmr update [39m[2m/src/pages/service/InstallationList.tsx, /src/index.css[22m
[2m1:36:57 pm[22m [36m[1m[vite][22m[39m [32mhmr update [39m[2m/src/pages/accounts/AccountsApprovalList.tsx, /src/index.css[22m
[2m1:38:11 pm[22m [36m[1m[vite][22m[39m [32mhmr update [39m[2m/src/pages/service/InstallationList.tsx, /src/index.css[22m
[2m1:38:15 pm[22m [36m[1m[vite][22m[39m [32mhmr update [39m[2m/src/pages/service/InstallationList.tsx, /src/index.css[22m
[2m1:38:21 pm[22m [36m[1m[vite][22m[39m [32mhmr update [39m[2m/src/pages/service/InstallationList.tsx, /src/index.css[22m
[2m1:38:29 pm[22m [36m[1m[vite][22m[39m [32mhmr update [39m[2m/src/pages/service/InstallationList.tsx, /src/index.css[22m
[2m1:38:31 pm[22m [36m[1m[vite][22m[39m [32mhmr update [39m[2m/src/pages/service/InstallationList.tsx, /src/index.css[22m
[2m1:38:32 pm[22m [36m[1m[vite][22m[39m [32mhmr update [39m[2m/src/pages/service/InstallationList.tsx, /src/index.css[22m
[2m1:38:33 pm[22m [36m[1m[vite][22m[39m [32mhmr update [39m[2m/src/pages/service/InstallationList.tsx, /src/index.css[22m
[2m1:49:00 pm[22m [36m[1m[vite][22m[39m [32mhmr update [39m[2m/src/pages/service/InstallationList.tsx, /src/index.css[22m
[2m1:49:01 pm[22m [36m[1m[vite][22m[39m [32mhmr update [39m[2m/src/pages/service/InstallationList.tsx, /src/index.css[22m
[2m1:49:03 pm[22m [36m[1m[vite][22m[39m [32mhmr update [39m[2m/src/pages/service/InstallationList.tsx, /src/index.css[22m
[2m1:49:07 pm[22m [36m[1m[vite][22m[39m [32mhmr update [39m[2m/src/pages/service/InstallationList.tsx, /src/index.css[22m
[2m1:53:26 pm[22m [36m[1m[vite][22m[39m [32mhmr update [39m[2m/src/index.css, /src/context/AuthContext.tsx[22m
[2m1:53:31 pm[22m [36m[1m[vite][22m[39m [33mhmr invalidate [39m[2m/src/context/AuthContext.tsx[22m Could not Fast Refresh ("useAuth" export is incompatible). Learn more at https://github.com/vitejs/vite-plugin-react/tree/main/packages/plugin-react#consistent-components-exports
[2m1:53:31 pm[22m [36m[1m[vite][22m[39m [32mhmr update [39m[2m/src/App.tsx, /src/index.css, /src/pages/login/Login.tsx, /src/components/layout/Sidebar.tsx, /src/components/layout/Navbar.tsx[22m
[2m1:53:36 pm[22m [36m[1m[vite][22m[39m [32mhmr update [39m[2m/src/context/AuthContext.tsx, /src/index.css[22m
[2m1:53:41 pm[22m [36m[1m[vite][22m[39m [33mhmr invalidate [39m[2m/src/context/AuthContext.tsx[22m Could not Fast Refresh ("useAuth" export is incompatible). Learn more at https://github.com/vitejs/vite-plugin-react/tree/main/packages/plugin-react#consistent-components-exports
[2m1:53:41 pm[22m [36m[1m[vite][22m[39m [32mhmr update [39m[2m/src/App.tsx, /src/index.css, /src/pages/login/Login.tsx, /src/components/layout/Sidebar.tsx, /src/components/layout/Navbar.tsx[22m
[2m2:00:54 pm[22m [36m[1m[vite][22m[39m [32mhmr update [39m[2m/src/pages/service/InstallationList.tsx, /src/index.css[22m
[2m2:03:33 pm[22m [36m[1m[vite][22m[39m [32mhmr update [39m[2m/src/pages/accounts/AccountsApprovalList.tsx, /src/index.css[22m
[2m2:03:34 pm[22m [36m[1m[vite][22m[39m [32mhmr update [39m[2m/src/pages/accounts/AccountsApprovalList.tsx, /src/index.css[22m
[2m2:03:38 pm[22m [36m[1m[vite][22m[39m [32mhmr update [39m[2m/src/pages/service/InstallationList.tsx, /src/index.css[22m
[2m2:03:45 pm[22m [36m[1m[vite][22m[39m [32mhmr update [39m[2m/src/pages/accounts/AccountsApprovalList.tsx, /src/index.css[22m
[2m2:04:15 pm[22m [36m[1m[vite][22m[39m [32mhmr update [39m[2m/src/pages/accounts/AccountsApprovalList.tsx, /src/index.css[22m
[2m2:14:19 pm[22m [36m[1m[vite][22m[39m [32mhmr update [39m[2m/src/pages/accounts/AccountsApprovalList.tsx, /src/index.css[22m
[2m2:14:32 pm[22m [36m[1m[vite][22m[39m [32mhmr update [39m[2m/src/pages/accounts/AccountsApprovalList.tsx, /src/index.css[22m
[2m3:07:55 pm[22m [36m[1m[vite][22m[39m [32mhmr update [39m[2m/src/pages/operation/DeliveryConfirmationList.tsx, /src/index.css[22m
[2m3:09:43 pm[22m [36m[1m[vite][22m[39m [32mhmr update [39m[2m/src/pages/service/InstallationList.tsx, /src/index.css[22m
[2m3:20:18 pm[22m [36m[1m[vite][22m[39m [32mhmr update [39m[2m/src/pages/accounts/AccountsApprovalList.tsx, /src/index.css[22m
[2m3:20:22 pm[22m [36m[1m[vite][22m[39m [32mhmr update [39m[2m/src/pages/accounts/AccountsApprovalList.tsx, /src/index.css[22m
[2m3:26:26 pm[22m [36m[1m[vite][22m[39m [32mhmr update [39m[2m/src/pages/accounts/AccountsApprovalList.tsx, /src/index.css[22m
[2m3:28:41 pm[22m [36m[1m[vite][22m[39m [32mhmr update [39m[2m/src/pages/accounts/AccountsApprovalList.tsx, /src/index.css[22m
[2m3:28:43 pm[22m [36m[1m[vite][22m[39m [32mhmr update [39m[2m/src/pages/accounts/AccountsApprovalList.tsx, /src/index.css[22m
[2m3:33:37 pm[22m [36m[1m[vite][22m[39m [32mhmr update [39m[2m/src/pages/accounts/AccountsApprovalList.tsx, /src/index.css[22m
[2m3:33:41 pm[22m [36m[1m[vite][22m[39m [32mhmr update [39m[2m/src/pages/accounts/AccountsApprovalList.tsx, /src/index.css[22m
[2m3:33:58 pm[22m [36m[1m[vite][22m[39m [32mhmr update [39m[2m/src/pages/operation/DeliveryConfirmationList.tsx, /src/index.css[22m
[2m3:36:50 pm[22m [36m[1m[vite][22m[39m [32mhmr update [39m[2m/src/pages/accounts/AccountsApprovalList.tsx, /src/index.css[22m
[2m3:36:54 pm[22m [36m[1m[vite][22m[39m [32mhmr update [39m[2m/src/pages/accounts/AccountsApprovalList.tsx, /src/index.css[22m
[2m3:40:04 pm[22m [36m[1m[vite][22m[39m [32mhmr update [39m[2m/src/pages/service/InstallationList.tsx, /src/index.css[22m
[2m3:47:38 pm[22m [36m[1m[vite][22m[39m [32mhmr update [39m[2m/src/pages/order/PurchaseOrderList.tsx, /src/index.css[22m
[2m3:47:56 pm[22m [36m[1m[vite][22m[39m [32mhmr update [39m[2m/src/pages/operation/DeliveryConfirmationList.tsx, /src/index.css[22m
[2m3:48:21 pm[22m [36m[1m[vite][22m[39m [32mhmr update [39m[2m/src/pages/operation/DeliveryConfirmationList.tsx, /src/index.css[22m
[2m3:48:43 pm[22m [36m[1m[vite][22m[39m [32mhmr update [39m[2m/src/pages/order/PurchaseOrderList.tsx[22m
[2m3:49:05 pm[22m [36m[1m[vite][22m[39m [32mhmr update [39m[2m/src/pages/order/PurchaseOrderForm.tsx, /src/index.css[22m
[2m3:52:56 pm[22m [36m[1m[vite][22m[39m [32mhmr update [39m[2m/src/pages/accounts/AccountsApprovalList.tsx, /src/index.css[22m
[2m3:53:01 pm[22m [36m[1m[vite][22m[39m [32mhmr update [39m[2m/src/pages/accounts/AccountsApprovalList.tsx, /src/index.css[22m
[2m3:54:08 pm[22m [36m[1m[vite][22m[39m [32mhmr update [39m[2m/src/pages/service/InstallationForm.tsx, /src/index.css[22m
[2m3:54:36 pm[22m [36m[1m[vite][22m[39m [32mhmr update [39m[2m/src/pages/service/InstallationForm.tsx, /src/index.css[22m
[2m3:56:22 pm[22m [36m[1m[vite][22m[39m [32mhmr update [39m[2m/src/pages/service/InstallationForm.tsx, /src/index.css[22m
[2m3:56:34 pm[22m [36m[1m[vite][22m[39m [32mhmr update [39m[2m/src/App.tsx, /src/index.css[22m
[2m3:57:34 pm[22m [36m[1m[vite][22m[39m [32mhmr update [39m[2m/src/pages/service/InstallationForm.tsx, /src/index.css[22m
[2m3:57:46 pm[22m [36m[1m[vite][22m[39m [32mhmr update [39m[2m/src/pages/service/InstallationForm.tsx, /src/index.css[22m
[2m4:00:31 pm[22m [36m[1m[vite][22m[39m [32mhmr update [39m[2m/src/pages/stores/DispatchForm.tsx, /src/index.css[22m
[2m4:02:25 pm[22m [36m[1m[vite][22m[39m [32mhmr update [39m[2m/src/pages/stores/DispatchForm.tsx, /src/index.css[22m
[2m4:02:27 pm[22m [36m[1m[vite][22m[39m [32mhmr update [39m[2m/src/pages/stores/DispatchForm.tsx, /src/index.css[22m
[2m4:03:59 pm[22m [36m[1m[vite][22m[39m [32mhmr update [39m[2m/src/pages/order/PurchaseOrderForm.tsx[22m
[2m4:04:45 pm[22m [36m[1m[vite][22m[39m [32mhmr update [39m[2m/src/pages/order/PurchaseOrderForm.tsx[22m
[2m4:05:16 pm[22m [36m[1m[vite][22m[39m [32mhmr update [39m[2m/src/pages/order/PurchaseOrderForm.tsx[22m
[2m4:05:49 pm[22m [36m[1m[vite][22m[39m [32mhmr update [39m[2m/src/pages/order/PurchaseOrderForm.tsx[22m
[2m4:07:01 pm[22m [36m[1m[vite][22m[39m [32mhmr update [39m[2m/src/pages/order/PurchaseOrderForm.tsx[22m
[2m4:08:28 pm[22m [36m[1m[vite][22m[39m [32mhmr update [39m[2m/src/pages/order/PurchaseOrderForm.tsx[22m
[2m4:19:17 pm[22m [36m[1m[vite][22m[39m [32mhmr update [39m[2m/src/pages/operation/DeliveryConfirmationList.tsx, /src/index.css[22m
[2m4:19:55 pm[22m [36m[1m[vite][22m[39m [32mhmr update [39m[2m/src/pages/operation/DeliveryConfirmationList.tsx, /src/index.css[22m
[2m4:19:57 pm[22m [36m[1m[vite][22m[39m [32mhmr update [39m[2m/src/pages/operation/DeliveryConfirmationList.tsx, /src/index.css[22m
[2m4:27:20 pm[22m [36m[1m[vite][22m[39m [32mhmr update [39m[2m/src/pages/operation/DeliveryConfirmationList.tsx, /src/index.css[22m
[2m4:29:48 pm[22m [36m[1m[vite][22m[39m [32mhmr update [39m[2m/src/pages/operation/DeliveryConfirmationList.tsx, /src/index.css[22m
[2m4:32:11 pm[22m [36m[1m[vite][22m[39m [32mhmr update [39m[2m/src/pages/operation/DeliveryConfirmationList.tsx, /src/index.css[22m
[2m4:32:46 pm[22m [36m[1m[vite][22m[39m [32mhmr update [39m[2m/src/pages/operation/DeliveryConfirmationList.tsx, /src/index.css[22m
[2m4:36:48 pm[22m [36m[1m[vite][22m[39m [32mhmr update [39m[2m/src/pages/operation/DeliveryConfirmationList.tsx, /src/index.css[22m
[2m4:41:02 pm[22m [36m[1m[vite][22m[39m [32mhmr update [39m[2m/src/pages/operation/DeliveryConfirmationList.tsx, /src/index.css[22m
[2m4:43:23 pm[22m [36m[1m[vite][22m[39m [32mhmr update [39m[2m/src/pages/order/PurchaseOrderList.tsx, /src/index.css[22m
[2m4:58:02 pm[22m [36m[1m[vite][22m[39m [32mhmr update [39m[2m/src/pages/operation/DeliveryConfirmationForm.tsx, /src/index.css[22m
