Performing system checks...

System check identified no issues (1 silenced).
April 16, 2026 - 16:05:04
Django version 4.2.20, using settings 'otm_project.settings'
Starting development server at http://0.0.0.0:7000/
Quit the server with CTRL-BREAK.

Performing system checks...

System check identified no issues (1 silenced).
April 16, 2026 - 16:22:19
Django version 4.2.20, using settings 'otm_project.settings'
Starting development server at http://0.0.0.0:7000/
Quit the server with CTRL-BREAK.

Performing system checks...

System check identified no issues (1 silenced).
April 16, 2026 - 17:01:35
Django version 4.2.20, using settings 'otm_project.settings'
Starting development server at http://0.0.0.0:7000/
Quit the server with CTRL-BREAK.

Performing system checks...

System check identified no issues (1 silenced).
April 16, 2026 - 17:22:06
Django version 4.2.20, using settings 'otm_project.settings'
Starting development server at http://0.0.0.0:7000/
Quit the server with CTRL-BREAK.

Performing system checks...

System check identified no issues (1 silenced).
April 16, 2026 - 17:54:24
Django version 4.2.20, using settings 'otm_project.settings'
Starting development server at http://0.0.0.0:7000/
Quit the server with CTRL-BREAK.

Performing system checks...

System check identified no issues (1 silenced).
April 16, 2026 - 18:11:05
Django version 4.2.20, using settings 'otm_project.settings'
Starting development server at http://0.0.0.0:7000/
Quit the server with CTRL-BREAK.

